Using pre-set license
Built from '2020.3/staging' branch; Version is '2020.3.8f1 (507919d4fff5) revision 5273881'; Using compiler version '192528614'; Build Type 'Release'
OS: 'Windows 10 Pro; OS build 19041.1052; Version 2004; 64bit' Language: 'en' Physical Memory: 15809 MB
BatchMode: 1, IsHumanControllingUs: 0, StartBugReporterOnCrash: 0, Is64bit: 1, IsPro: 0

 COMMAND LINE ARGUMENTS:
E:\Unity\2019.2.6f1\2020.3.8f1\Editor\Unity.exe
-adb2
-batchMode
-noUpm
-name
AssetImportWorker1
-projectPath
D:/Unity Projects/Dungeons_Prototype
-logFile
Logs/AssetImportWorker1.log
-srvPort
54266
Successfully changed project path to: D:/Unity Projects/Dungeons_Prototype
D:/Unity Projects/Dungeons_Prototype
Using Asset Import Pipeline V2.
Refreshing native plugins compatible for Editor in 69.85 ms, found 0 plugins.
Preloading 0 native plugins for Editor in 0.00 ms.
Initialize engine version: 2020.3.8f1 (507919d4fff5)
[Subsystems] Discovering subsystems at path E:/Unity/2019.2.6f1/2020.3.8f1/Editor/Data/Resources/UnitySubsystems
[Subsystems] Discovering subsystems at path D:/Unity Projects/Dungeons_Prototype/Assets
GfxDevice: creating device client; threaded=0
Direct3D:
    Version:  Direct3D 11.0 [level 11.1]
    Renderer: NVIDIA GeForce GTX 1650 (ID=0x1f91)
    Vendor:   
    VRAM:     3962 MB
    Driver:   30.0.14.7111
Initialize mono
Mono path[0] = 'E:/Unity/2019.2.6f1/2020.3.8f1/Editor/Data/Managed'
Mono path[1] = 'E:/Unity/2019.2.6f1/2020.3.8f1/Editor/Data/MonoBleedingEdge/lib/mono/unityjit'
Mono config path = 'E:/Unity/2019.2.6f1/2020.3.8f1/Editor/Data/MonoBleedingEdge/etc'
Using monoOptions --debugger-agent=transport=dt_socket,embedding=1,server=y,suspend=n,address=127.0.0.1:56920
Begin MonoManager ReloadAssembly
Registering precompiled unity dll's ...
Register platform support module: E:/Unity/2019.2.6f1/2020.3.8f1/Editor/Data/PlaybackEngines/WindowsStandaloneSupport/UnityEditor.WindowsStandalone.Extensions.dll
Registered in 0.002218 seconds.
Native extension for WindowsStandalone target not found
Refreshing native plugins compatible for Editor in 69.38 ms, found 0 plugins.
Preloading 0 native plugins for Editor in 0.00 ms.
Mono: successfully reloaded assembly
- Completed reload, in  2.479 seconds
Platform modules already initialized, skipping
Registering precompiled user dll's ...
Registered in 0.001978 seconds.
Begin MonoManager ReloadAssembly
Native extension for WindowsStandalone target not found
Refreshing native plugins compatible for Editor in 104.94 ms, found 0 plugins.
Preloading 0 native plugins for Editor in 0.00 ms.
Mono: successfully reloaded assembly
- Completed reload, in  6.768 seconds
Platform modules already initialized, skipping
========================================================================
Worker process is ready to serve import requests
Shader 'Universal Render Pipeline/Particles/Lit': fallback shader 'Universal Render Pipeline/Particles/SimpleLit' not found
Shader 'Universal Render Pipeline/Particles/Lit': fallback shader 'Universal Render Pipeline/Particles/SimpleLit' not found
Launched and connected shader compiler UnityShaderCompiler.exe after 0.24 seconds
Refreshing native plugins compatible for Editor in 1.08 ms, found 0 plugins.
Preloading 0 native plugins for Editor in 0.00 ms.
Unloading 2423 Unused Serialized files (Serialized files now loaded: 0)
System memory in use before: 113.4 MB.
System memory in use after: 110.7 MB.

Unloading 43 unused Assets to reduce memory usage. Loaded Objects now: 2832.
Total: 7.254400 ms (FindLiveObjects: 0.727300 ms CreateObjectMapping: 0.344600 ms MarkObjects: 3.805700 ms  DeleteObjects: 2.374000 ms)

AssetImportParameters requested are different than current active one (requested -> active):
  requireTextureImportCompression: false -> true
========================================================================
Received Import Request.
  path: ProjectSettings/TagManager.asset
  artifactKey: Guid(00000000000000003000000000000000) Importer(815301076,1909f56bfc062723c751e8b465ee728b)
Start importing ProjectSettings/TagManager.asset using Guid(00000000000000003000000000000000) Importer(815301076,1909f56bfc062723c751e8b465ee728b)  -> (artifact id: 'de7ccdb8f95b4bff96797de0cab425d5') in 0.551693 seconds
  Import took 0.559320 seconds .

========================================================================
Received Import Request.
  Time since last request: 0.000327 seconds.
  path: Assets/Scripts/GameManager.cs
  artifactKey: Guid(19623da21dd3ce5429e2c9e756223a72) Importer(815301076,1909f56bfc062723c751e8b465ee728b)
Start importing Assets/Scripts/GameManager.cs using Guid(19623da21dd3ce5429e2c9e756223a72) Importer(815301076,1909f56bfc062723c751e8b465ee728b)  -> (artifact id: '3a3b0e1f16ecf1298d2f6a6af106b0e1') in 0.024502 seconds
  Import took 0.029802 seconds .

========================================================================
Received Import Request.
  Time since last request: 40.654847 seconds.
  path: Assets/Prefabs/Map_Prefab_2.prefab
  artifactKey: Guid(e49aa851cdec3dd4aa461c7ed9da65c4) Importer(815301076,1909f56bfc062723c751e8b465ee728b)
Start importing Assets/Prefabs/Map_Prefab_2.prefab using Guid(e49aa851cdec3dd4aa461c7ed9da65c4) Importer(815301076,1909f56bfc062723c751e8b465ee728b)  -> (artifact id: '41a430a8c736365e8473967b2b727746') in 0.587605 seconds
  Import took 0.597941 seconds .

========================================================================
Received Import Request.
  Time since last request: 2.407203 seconds.
  path: Assets/Prefabs/Map_Prefab_2.prefab
  artifactKey: Guid(e49aa851cdec3dd4aa461c7ed9da65c4) Importer(815301076,1909f56bfc062723c751e8b465ee728b)
Start importing Assets/Prefabs/Map_Prefab_2.prefab using Guid(e49aa851cdec3dd4aa461c7ed9da65c4) Importer(815301076,1909f56bfc062723c751e8b465ee728b)  -> (artifact id: '8d8bbf1fe279bc44e94a6b57c47844f9') in 0.056225 seconds
  Import took 0.065310 seconds .

========================================================================
Received Import Request.
  Time since last request: 0.789019 seconds.
  path: Assets/Prefabs/Map_Prefab_2.prefab
  artifactKey: Guid(e49aa851cdec3dd4aa461c7ed9da65c4) Importer(815301076,1909f56bfc062723c751e8b465ee728b)
Start importing Assets/Prefabs/Map_Prefab_2.prefab using Guid(e49aa851cdec3dd4aa461c7ed9da65c4) Importer(815301076,1909f56bfc062723c751e8b465ee728b)  -> (artifact id: 'ed6de4c76bc1a846ba3c2024f8059c10') in 0.043347 seconds
  Import took 0.051530 seconds .

========================================================================
Received Import Request.
  Time since last request: 79.604363 seconds.
  path: Assets/Prefabs/Map_Prefab_2.prefab
  artifactKey: Guid(e49aa851cdec3dd4aa461c7ed9da65c4) Importer(815301076,1909f56bfc062723c751e8b465ee728b)
Start importing Assets/Prefabs/Map_Prefab_2.prefab using Guid(e49aa851cdec3dd4aa461c7ed9da65c4) Importer(815301076,1909f56bfc062723c751e8b465ee728b)  -> (artifact id: '98c6c1bd33b569ff99678a6dbf03169b') in 0.044182 seconds
  Import took 0.054518 seconds .

========================================================================
Received Import Request.
  Time since last request: 3.162699 seconds.
  path: Assets/Prefabs/Map_Prefab_2.prefab
  artifactKey: Guid(e49aa851cdec3dd4aa461c7ed9da65c4) Importer(815301076,1909f56bfc062723c751e8b465ee728b)
Start importing Assets/Prefabs/Map_Prefab_2.prefab using Guid(e49aa851cdec3dd4aa461c7ed9da65c4) Importer(815301076,1909f56bfc062723c751e8b465ee728b)  -> (artifact id: 'cb46ec324dd10f7ead72dfcf54d60383') in 0.049974 seconds
  Import took 0.060147 seconds .

========================================================================
Received Import Request.
  Time since last request: 12.663084 seconds.
  path: Assets/Prefabs/Map_Prefab_2.prefab
  artifactKey: Guid(e49aa851cdec3dd4aa461c7ed9da65c4) Importer(815301076,1909f56bfc062723c751e8b465ee728b)
Start importing Assets/Prefabs/Map_Prefab_2.prefab using Guid(e49aa851cdec3dd4aa461c7ed9da65c4) Importer(815301076,1909f56bfc062723c751e8b465ee728b)  -> (artifact id: '4d8f0e4b37149923fd5a131ebf1e2c05') in 0.045770 seconds
  Import took 0.053533 seconds .

========================================================================
Received Import Request.
  Time since last request: 11.617634 seconds.
  path: Assets/Prefabs/Map_Prefab_2.prefab
  artifactKey: Guid(e49aa851cdec3dd4aa461c7ed9da65c4) Importer(815301076,1909f56bfc062723c751e8b465ee728b)
Start importing Assets/Prefabs/Map_Prefab_2.prefab using Guid(e49aa851cdec3dd4aa461c7ed9da65c4) Importer(815301076,1909f56bfc062723c751e8b465ee728b)  -> (artifact id: '39b973e0a0a4d02d9c9eb4ec44f799c5') in 0.054047 seconds
  Import took 0.064787 seconds .

========================================================================
Received Import Request.
  Time since last request: 8.839054 seconds.
  path: Assets/Prefabs/Map_Prefab_2.prefab
  artifactKey: Guid(e49aa851cdec3dd4aa461c7ed9da65c4) Importer(815301076,1909f56bfc062723c751e8b465ee728b)
Start importing Assets/Prefabs/Map_Prefab_2.prefab using Guid(e49aa851cdec3dd4aa461c7ed9da65c4) Importer(815301076,1909f56bfc062723c751e8b465ee728b)  -> (artifact id: '16cd934c2d594da6634835a4dd3b06f1') in 0.055526 seconds
  Import took 0.065620 seconds .

========================================================================
Received Import Request.
  Time since last request: 11.515029 seconds.
  path: Assets/Prefabs/Map_Prefab_2.prefab
  artifactKey: Guid(e49aa851cdec3dd4aa461c7ed9da65c4) Importer(815301076,1909f56bfc062723c751e8b465ee728b)
Start importing Assets/Prefabs/Map_Prefab_2.prefab using Guid(e49aa851cdec3dd4aa461c7ed9da65c4) Importer(815301076,1909f56bfc062723c751e8b465ee728b)  -> (artifact id: '8e9ed5cb3c249a57057229056b1175aa') in 0.040685 seconds
  Import took 0.049432 seconds .

========================================================================
Received Import Request.
  Time since last request: 2.374681 seconds.
  path: Assets/Prefabs/Map_Prefab_2.prefab
  artifactKey: Guid(e49aa851cdec3dd4aa461c7ed9da65c4) Importer(815301076,1909f56bfc062723c751e8b465ee728b)
Start importing Assets/Prefabs/Map_Prefab_2.prefab using Guid(e49aa851cdec3dd4aa461c7ed9da65c4) Importer(815301076,1909f56bfc062723c751e8b465ee728b)  -> (artifact id: '89aca86850429751424dc2157491a7dd') in 0.050920 seconds
  Import took 0.060089 seconds .

========================================================================
Received Import Request.
  Time since last request: 5.076566 seconds.
  path: Assets/Prefabs/Map_Prefab_2.prefab
  artifactKey: Guid(e49aa851cdec3dd4aa461c7ed9da65c4) Importer(815301076,1909f56bfc062723c751e8b465ee728b)
Start importing Assets/Prefabs/Map_Prefab_2.prefab using Guid(e49aa851cdec3dd4aa461c7ed9da65c4) Importer(815301076,1909f56bfc062723c751e8b465ee728b)  -> (artifact id: 'be98dcf1c4274b0033734ab919dad91a') in 0.051053 seconds
  Import took 0.059935 seconds .

========================================================================
Received Import Request.
  Time since last request: 3.685831 seconds.
  path: Assets/Prefabs/Map_Prefab_2.prefab
  artifactKey: Guid(e49aa851cdec3dd4aa461c7ed9da65c4) Importer(815301076,1909f56bfc062723c751e8b465ee728b)
Start importing Assets/Prefabs/Map_Prefab_2.prefab using Guid(e49aa851cdec3dd4aa461c7ed9da65c4) Importer(815301076,1909f56bfc062723c751e8b465ee728b)  -> (artifact id: '79b604439cd9c0326bd2569e0cd7996d') in 0.038600 seconds
  Import took 0.045594 seconds .

========================================================================
Received Import Request.
  Time since last request: 3.019084 seconds.
  path: Assets/Prefabs/Map_Prefab_2.prefab
  artifactKey: Guid(e49aa851cdec3dd4aa461c7ed9da65c4) Importer(815301076,1909f56bfc062723c751e8b465ee728b)
Start importing Assets/Prefabs/Map_Prefab_2.prefab using Guid(e49aa851cdec3dd4aa461c7ed9da65c4) Importer(815301076,1909f56bfc062723c751e8b465ee728b)  -> (artifact id: '252c527669c1e63c2ab2f09083aea70e') in 0.051244 seconds
  Import took 0.060840 seconds .

========================================================================
Received Import Request.
  Time since last request: 1.267445 seconds.
  path: Assets/Prefabs/Map_Prefab_2.prefab
  artifactKey: Guid(e49aa851cdec3dd4aa461c7ed9da65c4) Importer(815301076,1909f56bfc062723c751e8b465ee728b)
Start importing Assets/Prefabs/Map_Prefab_2.prefab using Guid(e49aa851cdec3dd4aa461c7ed9da65c4) Importer(815301076,1909f56bfc062723c751e8b465ee728b)  -> (artifact id: 'f42de0c8244b5c9fb8a9c33ecc1b6087') in 0.046958 seconds
  Import took 0.056985 seconds .

========================================================================
Received Import Request.
  Time since last request: 1.865150 seconds.
  path: Assets/Prefabs/Map_Prefab_2.prefab
  artifactKey: Guid(e49aa851cdec3dd4aa461c7ed9da65c4) Importer(815301076,1909f56bfc062723c751e8b465ee728b)
Start importing Assets/Prefabs/Map_Prefab_2.prefab using Guid(e49aa851cdec3dd4aa461c7ed9da65c4) Importer(815301076,1909f56bfc062723c751e8b465ee728b)  -> (artifact id: '00a5b9b5eff1098e89fd00cefff5dec1') in 0.048907 seconds
  Import took 0.058700 seconds .

========================================================================
Received Import Request.
  Time since last request: 1.808482 seconds.
  path: Assets/Prefabs/Map_Prefab_2.prefab
  artifactKey: Guid(e49aa851cdec3dd4aa461c7ed9da65c4) Importer(815301076,1909f56bfc062723c751e8b465ee728b)
Start importing Assets/Prefabs/Map_Prefab_2.prefab using Guid(e49aa851cdec3dd4aa461c7ed9da65c4) Importer(815301076,1909f56bfc062723c751e8b465ee728b)  -> (artifact id: '738a72d98db9fe103f7765d0dbcafab9') in 0.041655 seconds
  Import took 0.048949 seconds .

========================================================================
Received Import Request.
  Time since last request: 1.532039 seconds.
  path: Assets/Prefabs/Map_Prefab_2.prefab
  artifactKey: Guid(e49aa851cdec3dd4aa461c7ed9da65c4) Importer(815301076,1909f56bfc062723c751e8b465ee728b)
Start importing Assets/Prefabs/Map_Prefab_2.prefab using Guid(e49aa851cdec3dd4aa461c7ed9da65c4) Importer(815301076,1909f56bfc062723c751e8b465ee728b)  -> (artifact id: 'cfb669befd447d3fe145dbb79b1d8e6d') in 0.049280 seconds
  Import took 0.058820 seconds .

========================================================================
Received Prepare
Registering precompiled user dll's ...
Registered in 0.002210 seconds.
Begin MonoManager ReloadAssembly
Native extension for WindowsStandalone target not found
Refreshing native plugins compatible for Editor in 1.08 ms, found 0 plugins.
Preloading 0 native plugins for Editor in 0.00 ms.
Mono: successfully reloaded assembly
- Completed reload, in  1.843 seconds
Platform modules already initialized, skipping
Switching build target platform(5) subTarget(0) extendedPlatform(0) -> platform(13) subTarget(537395200) extendedPlatform(0)
Shader 'Universal Render Pipeline/Particles/Lit': fallback shader 'Universal Render Pipeline/Particles/SimpleLit' not found
Shader 'Universal Render Pipeline/Particles/Lit': fallback shader 'Universal Render Pipeline/Particles/SimpleLit' not found
Refreshing native plugins compatible for Editor in 1.13 ms, found 0 plugins.
Preloading 0 native plugins for Editor in 0.00 ms.
Unloading 2350 Unused Serialized files (Serialized files now loaded: 0)
System memory in use before: 114.2 MB.
System memory in use after: 111.6 MB.

Unloading 39 unused Assets to reduce memory usage. Loaded Objects now: 2881.
Total: 5.487700 ms (FindLiveObjects: 0.377400 ms CreateObjectMapping: 0.106000 ms MarkObjects: 3.047800 ms  DeleteObjects: 1.953800 ms)

AssetImportParameters requested are different than current active one (requested -> active):
  requireTextureImportCompression: false -> true
  custom:graphics/normal-map-encoding: 01000000000000000000000000000000 -> 02000000000000000000000000000000
========================================================================
Received Import Request.
  Time since last request: 525.479792 seconds.
  path: Assets/Prefabs/GameManager.prefab
  artifactKey: Guid(5e14e61add78798429de194775194810) Importer(815301076,1909f56bfc062723c751e8b465ee728b)
Start importing Assets/Prefabs/GameManager.prefab using Guid(5e14e61add78798429de194775194810) Importer(815301076,1909f56bfc062723c751e8b465ee728b)  -> (artifact id: '07a02da9e9d2b1d4e394475c0eb40842') in 0.048460 seconds
  Import took 0.054462 seconds .

========================================================================
Received Prepare
Registering precompiled user dll's ...
Registered in 0.002019 seconds.
Begin MonoManager ReloadAssembly
Native extension for WindowsStandalone target not found
Refreshing native plugins compatible for Editor in 0.61 ms, found 0 plugins.
Preloading 0 native plugins for Editor in 0.00 ms.
Mono: successfully reloaded assembly
- Completed reload, in  1.734 seconds
Platform modules already initialized, skipping
Switching build target platform(5) subTarget(0) extendedPlatform(0) -> platform(13) subTarget(537395200) extendedPlatform(0)
Shader 'Universal Render Pipeline/Particles/Lit': fallback shader 'Universal Render Pipeline/Particles/SimpleLit' not found
Shader 'Universal Render Pipeline/Particles/Lit': fallback shader 'Universal Render Pipeline/Particles/SimpleLit' not found
Refreshing native plugins compatible for Editor in 0.55 ms, found 0 plugins.
Preloading 0 native plugins for Editor in 0.00 ms.
Unloading 2350 Unused Serialized files (Serialized files now loaded: 0)
System memory in use before: 114.2 MB.
System memory in use after: 111.6 MB.

Unloading 38 unused Assets to reduce memory usage. Loaded Objects now: 2884.
Total: 6.684700 ms (FindLiveObjects: 0.401200 ms CreateObjectMapping: 0.128200 ms MarkObjects: 3.643600 ms  DeleteObjects: 2.508800 ms)

AssetImportParameters requested are different than current active one (requested -> active):
  requireTextureImportCompression: false -> true
  custom:graphics/normal-map-encoding: 01000000000000000000000000000000 -> 02000000000000000000000000000000
========================================================================
Received Import Request.
  Time since last request: 130.679863 seconds.
  path: ProjectSettings/TagManager.asset
  artifactKey: Guid(00000000000000003000000000000000) Importer(815301076,1909f56bfc062723c751e8b465ee728b)
Start importing ProjectSettings/TagManager.asset using Guid(00000000000000003000000000000000) Importer(815301076,1909f56bfc062723c751e8b465ee728b)  -> (artifact id: 'e028d97488945f79451d648e11eaa14a') in 0.031800 seconds
  Import took 0.038829 seconds .

========================================================================
Received Import Request.
  Time since last request: 22.456184 seconds.
  path: ProjectSettings/TagManager.asset
  artifactKey: Guid(00000000000000003000000000000000) Importer(815301076,1909f56bfc062723c751e8b465ee728b)
Start importing ProjectSettings/TagManager.asset using Guid(00000000000000003000000000000000) Importer(815301076,1909f56bfc062723c751e8b465ee728b)  -> (artifact id: 'fc42e30003074059bef8fb59cba1b257') in 0.004515 seconds
  Import took 0.011634 seconds .

========================================================================
Received Import Request.
  Time since last request: 54.719134 seconds.
  path: Assets/Prefabs/Map_Prefab_2.prefab
  artifactKey: Guid(e49aa851cdec3dd4aa461c7ed9da65c4) Importer(815301076,1909f56bfc062723c751e8b465ee728b)
Start importing Assets/Prefabs/Map_Prefab_2.prefab using Guid(e49aa851cdec3dd4aa461c7ed9da65c4) Importer(815301076,1909f56bfc062723c751e8b465ee728b)  -> (artifact id: 'd544a694bbb1241bafc66a22df438f84') in 0.305302 seconds
  Import took 0.313916 seconds .

========================================================================
Received Import Request.
  Time since last request: 3.136943 seconds.
  path: Assets/Prefabs/Map_Prefab_2.prefab
  artifactKey: Guid(e49aa851cdec3dd4aa461c7ed9da65c4) Importer(815301076,1909f56bfc062723c751e8b465ee728b)
Start importing Assets/Prefabs/Map_Prefab_2.prefab using Guid(e49aa851cdec3dd4aa461c7ed9da65c4) Importer(815301076,1909f56bfc062723c751e8b465ee728b)  -> (artifact id: 'a64fe2a5dc00045692fdefac66af51b4') in 0.043863 seconds
  Import took 0.052664 seconds .

========================================================================
Received Import Request.
  Time since last request: 5.839868 seconds.
  path: Assets/Prefabs/Map_Prefab_2.prefab
  artifactKey: Guid(e49aa851cdec3dd4aa461c7ed9da65c4) Importer(815301076,1909f56bfc062723c751e8b465ee728b)
Start importing Assets/Prefabs/Map_Prefab_2.prefab using Guid(e49aa851cdec3dd4aa461c7ed9da65c4) Importer(815301076,1909f56bfc062723c751e8b465ee728b)  -> (artifact id: '4bd7671f1c9f68ce7dcff97998b433d2') in 0.102843 seconds
  Import took 0.111623 seconds .

========================================================================
Received Import Request.
  Time since last request: 4.716863 seconds.
  path: Assets/Prefabs/Map_Prefab_2.prefab
  artifactKey: Guid(e49aa851cdec3dd4aa461c7ed9da65c4) Importer(815301076,1909f56bfc062723c751e8b465ee728b)
Start importing Assets/Prefabs/Map_Prefab_2.prefab using Guid(e49aa851cdec3dd4aa461c7ed9da65c4) Importer(815301076,1909f56bfc062723c751e8b465ee728b)  -> (artifact id: '7a5e021158bad3471749a2c78feb72a0') in 0.052629 seconds
  Import took 0.060012 seconds .

========================================================================
Received Import Request.
  Time since last request: 7.609542 seconds.
  path: Assets/Prefabs/Map_Prefab_2.prefab
  artifactKey: Guid(e49aa851cdec3dd4aa461c7ed9da65c4) Importer(815301076,1909f56bfc062723c751e8b465ee728b)
Start importing Assets/Prefabs/Map_Prefab_2.prefab using Guid(e49aa851cdec3dd4aa461c7ed9da65c4) Importer(815301076,1909f56bfc062723c751e8b465ee728b)  -> (artifact id: 'abfb8305e103c29516c416032393fc30') in 0.043655 seconds
  Import took 0.053270 seconds .

========================================================================
Received Import Request.
  Time since last request: 5.011209 seconds.
  path: Assets/Prefabs/Map_Prefab_2.prefab
  artifactKey: Guid(e49aa851cdec3dd4aa461c7ed9da65c4) Importer(815301076,1909f56bfc062723c751e8b465ee728b)
Start importing Assets/Prefabs/Map_Prefab_2.prefab using Guid(e49aa851cdec3dd4aa461c7ed9da65c4) Importer(815301076,1909f56bfc062723c751e8b465ee728b)  -> (artifact id: 'e0043773b46737e8f4423eecdc0fa68d') in 0.040451 seconds
  Import took 0.050676 seconds .

========================================================================
Received Import Request.
  Time since last request: 8.269949 seconds.
  path: Assets/Prefabs/Map_Prefab_2.prefab
  artifactKey: Guid(e49aa851cdec3dd4aa461c7ed9da65c4) Importer(815301076,1909f56bfc062723c751e8b465ee728b)
Start importing Assets/Prefabs/Map_Prefab_2.prefab using Guid(e49aa851cdec3dd4aa461c7ed9da65c4) Importer(815301076,1909f56bfc062723c751e8b465ee728b)  -> (artifact id: '78a4b1ab8eabdd03059b58b0b0510e39') in 0.041880 seconds
  Import took 0.051261 seconds .

========================================================================
Received Import Request.
  Time since last request: 5.225138 seconds.
  path: Assets/Prefabs/Map_Prefab_2.prefab
  artifactKey: Guid(e49aa851cdec3dd4aa461c7ed9da65c4) Importer(815301076,1909f56bfc062723c751e8b465ee728b)
Start importing Assets/Prefabs/Map_Prefab_2.prefab using Guid(e49aa851cdec3dd4aa461c7ed9da65c4) Importer(815301076,1909f56bfc062723c751e8b465ee728b)  -> (artifact id: '6482e2c10a304bf45d7c0af00ab143f1') in 0.042122 seconds
  Import took 0.050445 seconds .

========================================================================
Received Import Request.
  Time since last request: 7.828183 seconds.
  path: Assets/Prefabs/Map_Prefab_2.prefab
  artifactKey: Guid(e49aa851cdec3dd4aa461c7ed9da65c4) Importer(815301076,1909f56bfc062723c751e8b465ee728b)
Start importing Assets/Prefabs/Map_Prefab_2.prefab using Guid(e49aa851cdec3dd4aa461c7ed9da65c4) Importer(815301076,1909f56bfc062723c751e8b465ee728b)  -> (artifact id: '8c683a6bb1d2941c869db4eaa1cccf38') in 0.133279 seconds
  Import took 0.143031 seconds .

========================================================================
Received Import Request.
  Time since last request: 2.755417 seconds.
  path: Assets/Prefabs/Map_Prefab_2.prefab
  artifactKey: Guid(e49aa851cdec3dd4aa461c7ed9da65c4) Importer(815301076,1909f56bfc062723c751e8b465ee728b)
Start importing Assets/Prefabs/Map_Prefab_2.prefab using Guid(e49aa851cdec3dd4aa461c7ed9da65c4) Importer(815301076,1909f56bfc062723c751e8b465ee728b)  -> (artifact id: 'f2c0b7e59e08065071271dcd92304ed7') in 0.074968 seconds
  Import took 0.082997 seconds .

========================================================================
Received Import Request.
  Time since last request: 2.578683 seconds.
  path: Assets/Prefabs/Map_Prefab_2.prefab
  artifactKey: Guid(e49aa851cdec3dd4aa461c7ed9da65c4) Importer(815301076,1909f56bfc062723c751e8b465ee728b)
Start importing Assets/Prefabs/Map_Prefab_2.prefab using Guid(e49aa851cdec3dd4aa461c7ed9da65c4) Importer(815301076,1909f56bfc062723c751e8b465ee728b)  -> (artifact id: 'a9bb4b6dc57b62baafc0f3a54653d8ff') in 0.045822 seconds
  Import took 0.096486 seconds .

========================================================================
Received Import Request.
  Time since last request: 2.475427 seconds.
  path: Assets/Prefabs/Map_Prefab_2.prefab
  artifactKey: Guid(e49aa851cdec3dd4aa461c7ed9da65c4) Importer(815301076,1909f56bfc062723c751e8b465ee728b)
Start importing Assets/Prefabs/Map_Prefab_2.prefab using Guid(e49aa851cdec3dd4aa461c7ed9da65c4) Importer(815301076,1909f56bfc062723c751e8b465ee728b)  -> (artifact id: 'a38b23c46849ba2211b14db9bf92f48c') in 0.050118 seconds
  Import took 0.058317 seconds .

========================================================================
Received Prepare
Registering precompiled user dll's ...
Registered in 0.002702 seconds.
Begin MonoManager ReloadAssembly
Native extension for WindowsStandalone target not found
Refreshing native plugins compatible for Editor in 0.55 ms, found 0 plugins.
Preloading 0 native plugins for Editor in 0.00 ms.
Mono: successfully reloaded assembly
- Completed reload, in  1.786 seconds
Platform modules already initialized, skipping
Switching build target platform(5) subTarget(0) extendedPlatform(0) -> platform(13) subTarget(537395200) extendedPlatform(0)
Shader 'Universal Render Pipeline/Particles/Lit': fallback shader 'Universal Render Pipeline/Particles/SimpleLit' not found
Shader 'Universal Render Pipeline/Particles/Lit': fallback shader 'Universal Render Pipeline/Particles/SimpleLit' not found
Refreshing native plugins compatible for Editor in 0.99 ms, found 0 plugins.
Preloading 0 native plugins for Editor in 0.00 ms.
Unloading 2350 Unused Serialized files (Serialized files now loaded: 0)
System memory in use before: 114.4 MB.
System memory in use after: 111.9 MB.

Unloading 40 unused Assets to reduce memory usage. Loaded Objects now: 2923.
Total: 6.416000 ms (FindLiveObjects: 0.470800 ms CreateObjectMapping: 0.177600 ms MarkObjects: 3.340500 ms  DeleteObjects: 2.424100 ms)

AssetImportParameters requested are different than current active one (requested -> active):
  requireTextureImportCompression: false -> true
  custom:graphics/normal-map-encoding: 01000000000000000000000000000000 -> 02000000000000000000000000000000
========================================================================
Received Import Request.
  Time since last request: 59.239783 seconds.
  path: Assets/Prefabs/GameManager.prefab
  artifactKey: Guid(5e14e61add78798429de194775194810) Importer(815301076,1909f56bfc062723c751e8b465ee728b)
Start importing Assets/Prefabs/GameManager.prefab using Guid(5e14e61add78798429de194775194810) Importer(815301076,1909f56bfc062723c751e8b465ee728b)  -> (artifact id: 'e5398bdd9b5c0ef7443fb005736f6a7a') in 0.052319 seconds
  Import took 0.059318 seconds .

========================================================================
Received Import Request.
  Time since last request: 120.705817 seconds.
  path: ProjectSettings/TagManager.asset
  artifactKey: Guid(00000000000000003000000000000000) Importer(815301076,1909f56bfc062723c751e8b465ee728b)
Start importing ProjectSettings/TagManager.asset using Guid(00000000000000003000000000000000) Importer(815301076,1909f56bfc062723c751e8b465ee728b)  -> (artifact id: '147cb3bb74c32a993af38c40b640b952') in 0.004745 seconds
  Import took 0.011429 seconds .

========================================================================
Received Import Request.
  Time since last request: 0.014130 seconds.
  path: ProjectSettings/TagManager.asset
  artifactKey: Guid(00000000000000003000000000000000) Importer(815301076,1909f56bfc062723c751e8b465ee728b)
Start importing ProjectSettings/TagManager.asset using Guid(00000000000000003000000000000000) Importer(815301076,1909f56bfc062723c751e8b465ee728b)  -> (artifact id: '147cb3bb74c32a993af38c40b640b952') in 0.004615 seconds
  Import took 0.013467 seconds .

========================================================================
Received Import Request.
  Time since last request: 18.364906 seconds.
  path: Assets/Prefabs/Map_Prefab_2.prefab
  artifactKey: Guid(e49aa851cdec3dd4aa461c7ed9da65c4) Importer(815301076,1909f56bfc062723c751e8b465ee728b)
Start importing Assets/Prefabs/Map_Prefab_2.prefab using Guid(e49aa851cdec3dd4aa461c7ed9da65c4) Importer(815301076,1909f56bfc062723c751e8b465ee728b)  -> (artifact id: '29eafcc87042de558521862409bc84b1') in 0.354692 seconds
  Import took 0.385566 seconds .

========================================================================
Received Import Request.
  Time since last request: 6.176832 seconds.
  path: Assets/Prefabs/Map_Prefab_2.prefab
  artifactKey: Guid(e49aa851cdec3dd4aa461c7ed9da65c4) Importer(815301076,1909f56bfc062723c751e8b465ee728b)
Start importing Assets/Prefabs/Map_Prefab_2.prefab using Guid(e49aa851cdec3dd4aa461c7ed9da65c4) Importer(815301076,1909f56bfc062723c751e8b465ee728b)  -> (artifact id: '0a8943ca489e2822980d49f279dd07e0') in 0.062853 seconds
  Import took 0.176571 seconds .

========================================================================
Received Import Request.
  Time since last request: 7.262029 seconds.
  path: ProjectSettings/TagManager.asset
  artifactKey: Guid(00000000000000003000000000000000) Importer(815301076,1909f56bfc062723c751e8b465ee728b)
Start importing ProjectSettings/TagManager.asset using Guid(00000000000000003000000000000000) Importer(815301076,1909f56bfc062723c751e8b465ee728b)  -> (artifact id: '61970052861e13fe19a6bdc90265364b') in 0.004769 seconds
  Import took 0.012760 seconds .

========================================================================
Received Prepare
Registering precompiled user dll's ...
Registered in 0.002561 seconds.
Begin MonoManager ReloadAssembly
Native extension for WindowsStandalone target not found
Refreshing native plugins compatible for Editor in 0.59 ms, found 0 plugins.
Preloading 0 native plugins for Editor in 0.00 ms.
Mono: successfully reloaded assembly
- Completed reload, in  1.803 seconds
Platform modules already initialized, skipping
Switching build target platform(5) subTarget(0) extendedPlatform(0) -> platform(13) subTarget(537395200) extendedPlatform(0)
Shader 'Universal Render Pipeline/Particles/Lit': fallback shader 'Universal Render Pipeline/Particles/SimpleLit' not found
Shader 'Universal Render Pipeline/Particles/Lit': fallback shader 'Universal Render Pipeline/Particles/SimpleLit' not found
Refreshing native plugins compatible for Editor in 0.97 ms, found 0 plugins.
Preloading 0 native plugins for Editor in 0.00 ms.
Unloading 2350 Unused Serialized files (Serialized files now loaded: 0)
System memory in use before: 114.7 MB.
System memory in use after: 112.0 MB.

Unloading 41 unused Assets to reduce memory usage. Loaded Objects now: 2962.
Total: 8.267300 ms (FindLiveObjects: 0.615900 ms CreateObjectMapping: 0.317900 ms MarkObjects: 4.518800 ms  DeleteObjects: 2.811800 ms)

AssetImportParameters requested are different than current active one (requested -> active):
  requireTextureImportCompression: false -> true
  custom:graphics/normal-map-encoding: 01000000000000000000000000000000 -> 02000000000000000000000000000000
========================================================================
Received Import Request.
  Time since last request: 568.835472 seconds.
  path: Assets/Prefabs/GameManager.prefab
  artifactKey: Guid(5e14e61add78798429de194775194810) Importer(815301076,1909f56bfc062723c751e8b465ee728b)
Start importing Assets/Prefabs/GameManager.prefab using Guid(5e14e61add78798429de194775194810) Importer(815301076,1909f56bfc062723c751e8b465ee728b)  -> (artifact id: 'd94d0f553e8e9e40ef0b9cc51d6b0b41') in 0.047200 seconds
  Import took 0.054971 seconds .

========================================================================
Received Import Request.
  Time since last request: 0.000349 seconds.
  path: Assets/Prefabs/Map_Prefab_2.prefab
  artifactKey: Guid(e49aa851cdec3dd4aa461c7ed9da65c4) Importer(815301076,1909f56bfc062723c751e8b465ee728b)
Start importing Assets/Prefabs/Map_Prefab_2.prefab using Guid(e49aa851cdec3dd4aa461c7ed9da65c4) Importer(815301076,1909f56bfc062723c751e8b465ee728b)  -> (artifact id: '3cafe0d8827dac22d6ff8b724de6a824') in 0.317002 seconds
  Import took 0.326932 seconds .

========================================================================
Received Prepare
Registering precompiled user dll's ...
Registered in 0.002470 seconds.
Begin MonoManager ReloadAssembly
Native extension for WindowsStandalone target not found
Refreshing native plugins compatible for Editor in 1.17 ms, found 0 plugins.
Preloading 0 native plugins for Editor in 0.00 ms.
Mono: successfully reloaded assembly
- Completed reload, in  2.594 seconds
Platform modules already initialized, skipping
Switching build target platform(5) subTarget(0) extendedPlatform(0) -> platform(13) subTarget(537395200) extendedPlatform(0)
Shader 'Universal Render Pipeline/Particles/Lit': fallback shader 'Universal Render Pipeline/Particles/SimpleLit' not found
Shader 'Universal Render Pipeline/Particles/Lit': fallback shader 'Universal Render Pipeline/Particles/SimpleLit' not found
Refreshing native plugins compatible for Editor in 0.90 ms, found 0 plugins.
Preloading 0 native plugins for Editor in 0.00 ms.
Unloading 2350 Unused Serialized files (Serialized files now loaded: 0)
System memory in use before: 114.6 MB.
System memory in use after: 112.0 MB.

Unloading 38 unused Assets to reduce memory usage. Loaded Objects now: 3001.
Total: 9.571200 ms (FindLiveObjects: 0.683800 ms CreateObjectMapping: 0.404100 ms MarkObjects: 4.943000 ms  DeleteObjects: 3.537400 ms)

AssetImportParameters requested are different than current active one (requested -> active):
  requireTextureImportCompression: false -> true
  custom:graphics/normal-map-encoding: 01000000000000000000000000000000 -> 02000000000000000000000000000000
========================================================================
Received Prepare
Registering precompiled user dll's ...
Registered in 0.002555 seconds.
Begin MonoManager ReloadAssembly
Native extension for WindowsStandalone target not found
Refreshing native plugins compatible for Editor in 0.99 ms, found 0 plugins.
Preloading 0 native plugins for Editor in 0.00 ms.
Mono: successfully reloaded assembly
- Completed reload, in  2.130 seconds
Platform modules already initialized, skipping
Switching build target platform(5) subTarget(0) extendedPlatform(0) -> platform(13) subTarget(537395200) extendedPlatform(0)
Shader 'Universal Render Pipeline/Particles/Lit': fallback shader 'Universal Render Pipeline/Particles/SimpleLit' not found
Shader 'Universal Render Pipeline/Particles/Lit': fallback shader 'Universal Render Pipeline/Particles/SimpleLit' not found
Refreshing native plugins compatible for Editor in 1.10 ms, found 0 plugins.
Preloading 0 native plugins for Editor in 0.00 ms.
Unloading 2350 Unused Serialized files (Serialized files now loaded: 0)
System memory in use before: 114.7 MB.
System memory in use after: 112.1 MB.

Unloading 38 unused Assets to reduce memory usage. Loaded Objects now: 3004.
Total: 10.220200 ms (FindLiveObjects: 0.862200 ms CreateObjectMapping: 0.382800 ms MarkObjects: 5.104700 ms  DeleteObjects: 3.867100 ms)

AssetImportParameters requested are different than current active one (requested -> active):
  requireTextureImportCompression: false -> true
  custom:graphics/normal-map-encoding: 01000000000000000000000000000000 -> 02000000000000000000000000000000
========================================================================
Received Prepare
Registering precompiled user dll's ...
Registered in 0.003141 seconds.
Begin MonoManager ReloadAssembly
Native extension for WindowsStandalone target not found
Refreshing native plugins compatible for Editor in 0.81 ms, found 0 plugins.
Preloading 0 native plugins for Editor in 0.00 ms.
Mono: successfully reloaded assembly
- Completed reload, in  1.758 seconds
Platform modules already initialized, skipping
Switching build target platform(5) subTarget(0) extendedPlatform(0) -> platform(13) subTarget(537395200) extendedPlatform(0)
Shader 'Universal Render Pipeline/Particles/Lit': fallback shader 'Universal Render Pipeline/Particles/SimpleLit' not found
Shader 'Universal Render Pipeline/Particles/Lit': fallback shader 'Universal Render Pipeline/Particles/SimpleLit' not found
Refreshing native plugins compatible for Editor in 0.97 ms, found 0 plugins.
Preloading 0 native plugins for Editor in 0.00 ms.
Unloading 2350 Unused Serialized files (Serialized files now loaded: 0)
System memory in use before: 114.8 MB.
System memory in use after: 112.1 MB.

Unloading 38 unused Assets to reduce memory usage. Loaded Objects now: 3007.
Total: 9.289000 ms (FindLiveObjects: 0.544800 ms CreateObjectMapping: 0.319200 ms MarkObjects: 5.012200 ms  DeleteObjects: 3.409900 ms)

AssetImportParameters requested are different than current active one (requested -> active):
  requireTextureImportCompression: false -> true
  custom:graphics/normal-map-encoding: 01000000000000000000000000000000 -> 02000000000000000000000000000000
========================================================================
Received Prepare
Registering precompiled user dll's ...
Registered in 0.002250 seconds.
Begin MonoManager ReloadAssembly
Native extension for WindowsStandalone target not found
Refreshing native plugins compatible for Editor in 1.11 ms, found 0 plugins.
Preloading 0 native plugins for Editor in 0.00 ms.
Mono: successfully reloaded assembly
- Completed reload, in  1.780 seconds
Platform modules already initialized, skipping
Switching build target platform(5) subTarget(0) extendedPlatform(0) -> platform(13) subTarget(537395200) extendedPlatform(0)
Shader 'Universal Render Pipeline/Particles/Lit': fallback shader 'Universal Render Pipeline/Particles/SimpleLit' not found
Shader 'Universal Render Pipeline/Particles/Lit': fallback shader 'Universal Render Pipeline/Particles/SimpleLit' not found
Refreshing native plugins compatible for Editor in 0.56 ms, found 0 plugins.
Preloading 0 native plugins for Editor in 0.00 ms.
Unloading 2350 Unused Serialized files (Serialized files now loaded: 0)
System memory in use before: 114.7 MB.
System memory in use after: 112.2 MB.

Unloading 38 unused Assets to reduce memory usage. Loaded Objects now: 3010.
Total: 5.891800 ms (FindLiveObjects: 0.384100 ms CreateObjectMapping: 0.132700 ms MarkObjects: 3.162900 ms  DeleteObjects: 2.209600 ms)

AssetImportParameters requested are different than current active one (requested -> active):
  requireTextureImportCompression: false -> true
  custom:graphics/normal-map-encoding: 01000000000000000000000000000000 -> 02000000000000000000000000000000
========================================================================
Received Prepare
Registering precompiled user dll's ...
Registered in 0.003180 seconds.
Begin MonoManager ReloadAssembly
Native extension for WindowsStandalone target not found
Refreshing native plugins compatible for Editor in 0.78 ms, found 0 plugins.
Preloading 0 native plugins for Editor in 0.00 ms.
Mono: successfully reloaded assembly
- Completed reload, in  1.803 seconds
Platform modules already initialized, skipping
Switching build target platform(5) subTarget(0) extendedPlatform(0) -> platform(13) subTarget(537395200) extendedPlatform(0)
Shader 'Universal Render Pipeline/Particles/Lit': fallback shader 'Universal Render Pipeline/Particles/SimpleLit' not found
Shader 'Universal Render Pipeline/Particles/Lit': fallback shader 'Universal Render Pipeline/Particles/SimpleLit' not found
Refreshing native plugins compatible for Editor in 1.00 ms, found 0 plugins.
Preloading 0 native plugins for Editor in 0.00 ms.
Unloading 2350 Unused Serialized files (Serialized files now loaded: 0)
System memory in use before: 114.8 MB.
System memory in use after: 112.2 MB.

Unloading 38 unused Assets to reduce memory usage. Loaded Objects now: 3013.
Total: 8.021100 ms (FindLiveObjects: 0.620300 ms CreateObjectMapping: 0.204100 ms MarkObjects: 3.977800 ms  DeleteObjects: 3.216300 ms)

AssetImportParameters requested are different than current active one (requested -> active):
  requireTextureImportCompression: false -> true
  custom:graphics/normal-map-encoding: 01000000000000000000000000000000 -> 02000000000000000000000000000000
========================================================================
Received Import Request.
  Time since last request: 553.791189 seconds.
  path: Assets/Prefabs/GameManager.prefab
  artifactKey: Guid(5e14e61add78798429de194775194810) Importer(815301076,1909f56bfc062723c751e8b465ee728b)
Start importing Assets/Prefabs/GameManager.prefab using Guid(5e14e61add78798429de194775194810) Importer(815301076,1909f56bfc062723c751e8b465ee728b)  -> (artifact id: 'fef98f25eccfcb2cb7fd841493d0996e') in 0.053643 seconds
  Import took 0.061308 seconds .

========================================================================
Received Import Request.
  Time since last request: 8.687538 seconds.
  path: Assets/Scripts/EnemyController.cs
  artifactKey: Guid(6718b133377ea2a4fa5a563d576d4814) Importer(815301076,1909f56bfc062723c751e8b465ee728b)
Start importing Assets/Scripts/EnemyController.cs using Guid(6718b133377ea2a4fa5a563d576d4814) Importer(815301076,1909f56bfc062723c751e8b465ee728b)  -> (artifact id: '1e5d5432a6d391de3cd6915243287524') in 0.011780 seconds
  Import took 0.019527 seconds .

========================================================================
Received Import Request.
  Time since last request: 0.026595 seconds.
  path: Assets/Scripts/EnemyController.cs
  artifactKey: Guid(6718b133377ea2a4fa5a563d576d4814) Importer(815301076,1909f56bfc062723c751e8b465ee728b)
Start importing Assets/Scripts/EnemyController.cs using Guid(6718b133377ea2a4fa5a563d576d4814) Importer(815301076,1909f56bfc062723c751e8b465ee728b)  -> (artifact id: '1e5d5432a6d391de3cd6915243287524') in 0.004180 seconds
  Import took 0.012259 seconds .

========================================================================
Received Prepare
Registering precompiled user dll's ...
Registered in 0.002937 seconds.
Begin MonoManager ReloadAssembly
Native extension for WindowsStandalone target not found
Refreshing native plugins compatible for Editor in 0.59 ms, found 0 plugins.
Preloading 0 native plugins for Editor in 0.00 ms.
Mono: successfully reloaded assembly
- Completed reload, in  1.806 seconds
Platform modules already initialized, skipping
Switching build target platform(5) subTarget(0) extendedPlatform(0) -> platform(13) subTarget(537395200) extendedPlatform(0)
Shader 'Universal Render Pipeline/Particles/Lit': fallback shader 'Universal Render Pipeline/Particles/SimpleLit' not found
Shader 'Universal Render Pipeline/Particles/Lit': fallback shader 'Universal Render Pipeline/Particles/SimpleLit' not found
Refreshing native plugins compatible for Editor in 0.58 ms, found 0 plugins.
Preloading 0 native plugins for Editor in 0.00 ms.
Unloading 2350 Unused Serialized files (Serialized files now loaded: 0)
System memory in use before: 114.7 MB.
System memory in use after: 112.1 MB.

Unloading 38 unused Assets to reduce memory usage. Loaded Objects now: 3016.
Total: 7.296900 ms (FindLiveObjects: 0.508400 ms CreateObjectMapping: 0.150900 ms MarkObjects: 4.016000 ms  DeleteObjects: 2.618400 ms)

AssetImportParameters requested are different than current active one (requested -> active):
  requireTextureImportCompression: false -> true
  custom:graphics/normal-map-encoding: 01000000000000000000000000000000 -> 02000000000000000000000000000000
========================================================================
Received Prepare
Registering precompiled user dll's ...
Registered in 0.002737 seconds.
Begin MonoManager ReloadAssembly
Native extension for WindowsStandalone target not found
Refreshing native plugins compatible for Editor in 1.05 ms, found 0 plugins.
Preloading 0 native plugins for Editor in 0.00 ms.
Mono: successfully reloaded assembly
- Completed reload, in  2.138 seconds
Platform modules already initialized, skipping
Switching build target platform(5) subTarget(0) extendedPlatform(0) -> platform(13) subTarget(537395200) extendedPlatform(0)
Shader 'Universal Render Pipeline/Particles/Lit': fallback shader 'Universal Render Pipeline/Particles/SimpleLit' not found
Shader 'Universal Render Pipeline/Particles/Lit': fallback shader 'Universal Render Pipeline/Particles/SimpleLit' not found
Refreshing native plugins compatible for Editor in 1.06 ms, found 0 plugins.
Preloading 0 native plugins for Editor in 0.00 ms.
Unloading 2350 Unused Serialized files (Serialized files now loaded: 0)
System memory in use before: 114.8 MB.
System memory in use after: 112.2 MB.

Unloading 38 unused Assets to reduce memory usage. Loaded Objects now: 3019.
Total: 7.302100 ms (FindLiveObjects: 0.408200 ms CreateObjectMapping: 0.135300 ms MarkObjects: 3.701300 ms  DeleteObjects: 3.054200 ms)

AssetImportParameters requested are different than current active one (requested -> active):
  requireTextureImportCompression: false -> true
  custom:graphics/normal-map-encoding: 01000000000000000000000000000000 -> 02000000000000000000000000000000
========================================================================
Received Prepare
Registering precompiled user dll's ...
Registered in 0.002642 seconds.
Begin MonoManager ReloadAssembly
Native extension for WindowsStandalone target not found
Refreshing native plugins compatible for Editor in 0.98 ms, found 0 plugins.
Preloading 0 native plugins for Editor in 0.00 ms.
Mono: successfully reloaded assembly
- Completed reload, in  1.810 seconds
Platform modules already initialized, skipping
Switching build target platform(5) subTarget(0) extendedPlatform(0) -> platform(13) subTarget(537395200) extendedPlatform(0)
Shader 'Universal Render Pipeline/Particles/Lit': fallback shader 'Universal Render Pipeline/Particles/SimpleLit' not found
Shader 'Universal Render Pipeline/Particles/Lit': fallback shader 'Universal Render Pipeline/Particles/SimpleLit' not found
Refreshing native plugins compatible for Editor in 0.95 ms, found 0 plugins.
Preloading 0 native plugins for Editor in 0.00 ms.
Unloading 2350 Unused Serialized files (Serialized files now loaded: 0)
System memory in use before: 114.8 MB.
System memory in use after: 112.2 MB.

Unloading 38 unused Assets to reduce memory usage. Loaded Objects now: 3022.
Total: 7.859700 ms (FindLiveObjects: 0.629100 ms CreateObjectMapping: 0.200500 ms MarkObjects: 4.039900 ms  DeleteObjects: 2.987500 ms)

AssetImportParameters requested are different than current active one (requested -> active):
  requireTextureImportCompression: false -> true
  custom:graphics/normal-map-encoding: 01000000000000000000000000000000 -> 02000000000000000000000000000000
========================================================================
Received Prepare
Registering precompiled user dll's ...
Registered in 0.002604 seconds.
Begin MonoManager ReloadAssembly
Native extension for WindowsStandalone target not found
Refreshing native plugins compatible for Editor in 0.96 ms, found 0 plugins.
Preloading 0 native plugins for Editor in 0.00 ms.
Mono: successfully reloaded assembly
- Completed reload, in  1.797 seconds
Platform modules already initialized, skipping
Switching build target platform(5) subTarget(0) extendedPlatform(0) -> platform(13) subTarget(537395200) extendedPlatform(0)
Shader 'Universal Render Pipeline/Particles/Lit': fallback shader 'Universal Render Pipeline/Particles/SimpleLit' not found
Shader 'Universal Render Pipeline/Particles/Lit': fallback shader 'Universal Render Pipeline/Particles/SimpleLit' not found
Refreshing native plugins compatible for Editor in 0.78 ms, found 0 plugins.
Preloading 0 native plugins for Editor in 0.00 ms.
Unloading 2350 Unused Serialized files (Serialized files now loaded: 0)
System memory in use before: 114.8 MB.
System memory in use after: 112.2 MB.

Unloading 38 unused Assets to reduce memory usage. Loaded Objects now: 3025.
Total: 7.958000 ms (FindLiveObjects: 0.437900 ms CreateObjectMapping: 0.141200 ms MarkObjects: 4.164300 ms  DeleteObjects: 3.211700 ms)

AssetImportParameters requested are different than current active one (requested -> active):
  requireTextureImportCompression: false -> true
  custom:graphics/normal-map-encoding: 01000000000000000000000000000000 -> 02000000000000000000000000000000
========================================================================
Received Prepare
Registering precompiled user dll's ...
Registered in 0.002284 seconds.
Begin MonoManager ReloadAssembly
Native extension for WindowsStandalone target not found
Refreshing native plugins compatible for Editor in 0.96 ms, found 0 plugins.
Preloading 0 native plugins for Editor in 0.00 ms.
Mono: successfully reloaded assembly
- Completed reload, in  1.755 seconds
Platform modules already initialized, skipping
Switching build target platform(5) subTarget(0) extendedPlatform(0) -> platform(13) subTarget(537395200) extendedPlatform(0)
Shader 'Universal Render Pipeline/Particles/Lit': fallback shader 'Universal Render Pipeline/Particles/SimpleLit' not found
Shader 'Universal Render Pipeline/Particles/Lit': fallback shader 'Universal Render Pipeline/Particles/SimpleLit' not found
Refreshing native plugins compatible for Editor in 0.58 ms, found 0 plugins.
Preloading 0 native plugins for Editor in 0.00 ms.
Unloading 2350 Unused Serialized files (Serialized files now loaded: 0)
System memory in use before: 114.8 MB.
System memory in use after: 112.2 MB.

Unloading 38 unused Assets to reduce memory usage. Loaded Objects now: 3028.
Total: 6.639000 ms (FindLiveObjects: 0.400100 ms CreateObjectMapping: 0.174500 ms MarkObjects: 3.581400 ms  DeleteObjects: 2.480400 ms)

AssetImportParameters requested are different than current active one (requested -> active):
  requireTextureImportCompression: false -> true
  custom:graphics/normal-map-encoding: 01000000000000000000000000000000 -> 02000000000000000000000000000000
========================================================================
Received Prepare
Registering precompiled user dll's ...
Registered in 0.002846 seconds.
Begin MonoManager ReloadAssembly
Native extension for WindowsStandalone target not found
Refreshing native plugins compatible for Editor in 0.52 ms, found 0 plugins.
Preloading 0 native plugins for Editor in 0.00 ms.
Mono: successfully reloaded assembly
- Completed reload, in  1.393 seconds
Platform modules already initialized, skipping
Switching build target platform(5) subTarget(0) extendedPlatform(0) -> platform(13) subTarget(537395200) extendedPlatform(0)
Shader 'Universal Render Pipeline/Particles/Lit': fallback shader 'Universal Render Pipeline/Particles/SimpleLit' not found
Shader 'Universal Render Pipeline/Particles/Lit': fallback shader 'Universal Render Pipeline/Particles/SimpleLit' not found
Refreshing native plugins compatible for Editor in 0.53 ms, found 0 plugins.
Preloading 0 native plugins for Editor in 0.00 ms.
Unloading 2350 Unused Serialized files (Serialized files now loaded: 0)
System memory in use before: 114.7 MB.
System memory in use after: 112.1 MB.

Unloading 38 unused Assets to reduce memory usage. Loaded Objects now: 3031.
Total: 5.168600 ms (FindLiveObjects: 0.349700 ms CreateObjectMapping: 0.092800 ms MarkObjects: 2.758700 ms  DeleteObjects: 1.964900 ms)

AssetImportParameters requested are different than current active one (requested -> active):
  requireTextureImportCompression: false -> true
  custom:graphics/normal-map-encoding: 01000000000000000000000000000000 -> 02000000000000000000000000000000
========================================================================
Received Prepare
Registering precompiled user dll's ...
Registered in 0.002591 seconds.
Begin MonoManager ReloadAssembly
Native extension for WindowsStandalone target not found
Refreshing native plugins compatible for Editor in 0.49 ms, found 0 plugins.
Preloading 0 native plugins for Editor in 0.00 ms.
Mono: successfully reloaded assembly
- Completed reload, in  1.534 seconds
Platform modules already initialized, skipping
Switching build target platform(5) subTarget(0) extendedPlatform(0) -> platform(13) subTarget(537395200) extendedPlatform(0)
Shader 'Universal Render Pipeline/Particles/Lit': fallback shader 'Universal Render Pipeline/Particles/SimpleLit' not found
Shader 'Universal Render Pipeline/Particles/Lit': fallback shader 'Universal Render Pipeline/Particles/SimpleLit' not found
Refreshing native plugins compatible for Editor in 0.79 ms, found 0 plugins.
Preloading 0 native plugins for Editor in 0.00 ms.
Unloading 2350 Unused Serialized files (Serialized files now loaded: 0)
System memory in use before: 114.8 MB.
System memory in use after: 112.2 MB.

Unloading 38 unused Assets to reduce memory usage. Loaded Objects now: 3034.
Total: 6.659000 ms (FindLiveObjects: 0.479200 ms CreateObjectMapping: 0.216100 ms MarkObjects: 3.576300 ms  DeleteObjects: 2.385000 ms)

AssetImportParameters requested are different than current active one (requested -> active):
  requireTextureImportCompression: false -> true
  custom:graphics/normal-map-encoding: 01000000000000000000000000000000 -> 02000000000000000000000000000000
========================================================================
Received Import Request.
  Time since last request: 2011.288180 seconds.
  path: Assets/Prefabs/GameManager.prefab
  artifactKey: Guid(5e14e61add78798429de194775194810) Importer(815301076,1909f56bfc062723c751e8b465ee728b)
Start importing Assets/Prefabs/GameManager.prefab using Guid(5e14e61add78798429de194775194810) Importer(815301076,1909f56bfc062723c751e8b465ee728b)  -> (artifact id: '6a80dc1422e89fae1526bb1987800ef5') in 0.054819 seconds
  Import took 0.095495 seconds .

========================================================================
Received Import Request.
  Time since last request: 0.000301 seconds.
  path: Assets/Prefabs/MeleeEnemy.prefab
  artifactKey: Guid(807ee304c43ae1648833c4fcc733175c) Importer(815301076,1909f56bfc062723c751e8b465ee728b)
Start importing Assets/Prefabs/MeleeEnemy.prefab using Guid(807ee304c43ae1648833c4fcc733175c) Importer(815301076,1909f56bfc062723c751e8b465ee728b)  -> (artifact id: 'b75d23afc84d77bfa37bb16bea1fc5a4') in 0.296688 seconds
  Import took 0.314763 seconds .

========================================================================
Received Import Request.
  Time since last request: 0.000343 seconds.
  path: Assets/Prefabs/RangeEnemy.prefab
  artifactKey: Guid(b2e94dc0bf132c54c89ee61cf6feef0a) Importer(815301076,1909f56bfc062723c751e8b465ee728b)
Start importing Assets/Prefabs/RangeEnemy.prefab using Guid(b2e94dc0bf132c54c89ee61cf6feef0a) Importer(815301076,1909f56bfc062723c751e8b465ee728b)  -> (artifact id: '216a15c27337aa8b7c7c1159591e6ed6') in 0.057190 seconds
  Import took 0.084896 seconds .

========================================================================
Received Import Request.
  Time since last request: 14.751374 seconds.
  path: Assets/Prefabs/1.prefab
  artifactKey: Guid(561a5696589e1144c9c83daa4fa8948e) Importer(815301076,1909f56bfc062723c751e8b465ee728b)
Start importing Assets/Prefabs/1.prefab using Guid(561a5696589e1144c9c83daa4fa8948e) Importer(815301076,1909f56bfc062723c751e8b465ee728b)  -> (artifact id: '9ccff280527819e4e390964b217dc6a5') in 0.014171 seconds
  Import took 0.038372 seconds .

========================================================================
Received Import Request.
  Time since last request: 2.575320 seconds.
  path: Assets/Prefabs/2.prefab
  artifactKey: Guid(05b066aea4a7de44e9f509e32ce93ade) Importer(815301076,1909f56bfc062723c751e8b465ee728b)
Start importing Assets/Prefabs/2.prefab using Guid(05b066aea4a7de44e9f509e32ce93ade) Importer(815301076,1909f56bfc062723c751e8b465ee728b)  -> (artifact id: '3474ec16263ccff91f6a28e66ab47633') in 0.015141 seconds
  Import took 0.024401 seconds .

========================================================================
Received Import Request.
  Time since last request: 0.008398 seconds.
  path: Assets/Prefabs/2.prefab
  artifactKey: Guid(05b066aea4a7de44e9f509e32ce93ade) Importer(815301076,1909f56bfc062723c751e8b465ee728b)
Start importing Assets/Prefabs/2.prefab using Guid(05b066aea4a7de44e9f509e32ce93ade) Importer(815301076,1909f56bfc062723c751e8b465ee728b)  -> (artifact id: '3474ec16263ccff91f6a28e66ab47633') in 0.006542 seconds
  Import took 0.013931 seconds .

========================================================================
Received Import Request.
  Time since last request: 1.629803 seconds.
  path: Assets/Prefabs/3.prefab
  artifactKey: Guid(f0750b40221e87b41a58fb34ea8d636f) Importer(815301076,1909f56bfc062723c751e8b465ee728b)
Start importing Assets/Prefabs/3.prefab using Guid(f0750b40221e87b41a58fb34ea8d636f) Importer(815301076,1909f56bfc062723c751e8b465ee728b)  -> (artifact id: 'b5d5b87f873b700cd788be07879c7156') in 0.013250 seconds
  Import took 0.021902 seconds .

========================================================================
Received Import Request.
  Time since last request: 0.010513 seconds.
  path: Assets/Prefabs/3.prefab
  artifactKey: Guid(f0750b40221e87b41a58fb34ea8d636f) Importer(815301076,1909f56bfc062723c751e8b465ee728b)
Start importing Assets/Prefabs/3.prefab using Guid(f0750b40221e87b41a58fb34ea8d636f) Importer(815301076,1909f56bfc062723c751e8b465ee728b)  -> (artifact id: 'b5d5b87f873b700cd788be07879c7156') in 0.007174 seconds
  Import took 0.015863 seconds .

========================================================================
Received Import Request.
  Time since last request: 4.118703 seconds.
  path: Assets/Prefabs/RangeEnemy.prefab
  artifactKey: Guid(b2e94dc0bf132c54c89ee61cf6feef0a) Importer(815301076,1909f56bfc062723c751e8b465ee728b)
Start importing Assets/Prefabs/RangeEnemy.prefab using Guid(b2e94dc0bf132c54c89ee61cf6feef0a) Importer(815301076,1909f56bfc062723c751e8b465ee728b)  -> (artifact id: 'd4fc42d7d40633387f10de119909769e') in 0.015709 seconds
  Import took 0.022490 seconds .

========================================================================
Received Import Request.
  Time since last request: 2.038256 seconds.
  path: Assets/Prefabs/RangeEnemy.prefab
  artifactKey: Guid(b2e94dc0bf132c54c89ee61cf6feef0a) Importer(815301076,1909f56bfc062723c751e8b465ee728b)
Start importing Assets/Prefabs/RangeEnemy.prefab using Guid(b2e94dc0bf132c54c89ee61cf6feef0a) Importer(815301076,1909f56bfc062723c751e8b465ee728b)  -> (artifact id: '5f0fe4c4bbd029f3b8507fe789419802') in 0.026581 seconds
  Import took 0.051759 seconds .

========================================================================
Received Import Request.
  Time since last request: 2.252027 seconds.
  path: Assets/Prefabs/RangeEnemy.prefab
  artifactKey: Guid(b2e94dc0bf132c54c89ee61cf6feef0a) Importer(815301076,1909f56bfc062723c751e8b465ee728b)
Start importing Assets/Prefabs/RangeEnemy.prefab using Guid(b2e94dc0bf132c54c89ee61cf6feef0a) Importer(815301076,1909f56bfc062723c751e8b465ee728b)  -> (artifact id: 'be1bc9fb960c7f89beade9ade91fba02') in 0.013578 seconds
  Import took 0.020846 seconds .

========================================================================
Received Import Request.
  Time since last request: 4.236747 seconds.
  path: Assets/Prefabs/MeleeEnemy.prefab
  artifactKey: Guid(807ee304c43ae1648833c4fcc733175c) Importer(815301076,1909f56bfc062723c751e8b465ee728b)
Start importing Assets/Prefabs/MeleeEnemy.prefab using Guid(807ee304c43ae1648833c4fcc733175c) Importer(815301076,1909f56bfc062723c751e8b465ee728b)  -> (artifact id: '81452dec3e0636ec1f4e81238627d3dd') in 0.092736 seconds
  Import took 0.106132 seconds .

========================================================================
Received Import Request.
  Time since last request: 1.440633 seconds.
  path: Assets/Prefabs/MeleeEnemy.prefab
  artifactKey: Guid(807ee304c43ae1648833c4fcc733175c) Importer(815301076,1909f56bfc062723c751e8b465ee728b)
Start importing Assets/Prefabs/MeleeEnemy.prefab using Guid(807ee304c43ae1648833c4fcc733175c) Importer(815301076,1909f56bfc062723c751e8b465ee728b)  -> (artifact id: 'c2a0799f424a25252a42b4e925acc912') in 0.020440 seconds
  Import took 0.028832 seconds .

========================================================================
Received Import Request.
  Time since last request: 1.841653 seconds.
  path: Assets/Prefabs/MeleeEnemy.prefab
  artifactKey: Guid(807ee304c43ae1648833c4fcc733175c) Importer(815301076,1909f56bfc062723c751e8b465ee728b)
Start importing Assets/Prefabs/MeleeEnemy.prefab using Guid(807ee304c43ae1648833c4fcc733175c) Importer(815301076,1909f56bfc062723c751e8b465ee728b)  -> (artifact id: '31b92eed8d0428fbb4b3f47326c9533a') in 0.012004 seconds
  Import took 0.085564 seconds .

========================================================================
Received Import Request.
  Time since last request: 37.850686 seconds.
  path: Assets/Prefabs/MeleeEnemy.prefab
  artifactKey: Guid(807ee304c43ae1648833c4fcc733175c) Importer(815301076,1909f56bfc062723c751e8b465ee728b)
Start importing Assets/Prefabs/MeleeEnemy.prefab using Guid(807ee304c43ae1648833c4fcc733175c) Importer(815301076,1909f56bfc062723c751e8b465ee728b)  -> (artifact id: '39705297e1616d4275087f7c6a65c05c') in 0.014654 seconds
  Import took 0.022226 seconds .

========================================================================
Received Import Request.
  Time since last request: 2.560166 seconds.
  path: Assets/Prefabs/RangeEnemy.prefab
  artifactKey: Guid(b2e94dc0bf132c54c89ee61cf6feef0a) Importer(815301076,1909f56bfc062723c751e8b465ee728b)
Start importing Assets/Prefabs/RangeEnemy.prefab using Guid(b2e94dc0bf132c54c89ee61cf6feef0a) Importer(815301076,1909f56bfc062723c751e8b465ee728b)  -> (artifact id: '4e5fffe4d9cf573686c50bced08dc015') in 0.017131 seconds
  Import took 0.040302 seconds .

========================================================================
Received Prepare
Registering precompiled user dll's ...
Registered in 0.002720 seconds.
Begin MonoManager ReloadAssembly
Native extension for WindowsStandalone target not found
Refreshing native plugins compatible for Editor in 0.57 ms, found 0 plugins.
Preloading 0 native plugins for Editor in 0.00 ms.
Mono: successfully reloaded assembly
- Completed reload, in  1.659 seconds
Platform modules already initialized, skipping
Switching build target platform(5) subTarget(0) extendedPlatform(0) -> platform(13) subTarget(537395200) extendedPlatform(0)
Shader 'Universal Render Pipeline/Particles/Lit': fallback shader 'Universal Render Pipeline/Particles/SimpleLit' not found
Shader 'Universal Render Pipeline/Particles/Lit': fallback shader 'Universal Render Pipeline/Particles/SimpleLit' not found
Refreshing native plugins compatible for Editor in 0.88 ms, found 0 plugins.
Preloading 0 native plugins for Editor in 0.00 ms.
Unloading 2350 Unused Serialized files (Serialized files now loaded: 0)
System memory in use before: 115.0 MB.
System memory in use after: 112.4 MB.

Unloading 38 unused Assets to reduce memory usage. Loaded Objects now: 3074.
Total: 8.813000 ms (FindLiveObjects: 0.847200 ms CreateObjectMapping: 0.480000 ms MarkObjects: 4.807100 ms  DeleteObjects: 2.674200 ms)

AssetImportParameters requested are different than current active one (requested -> active):
  requireTextureImportCompression: false -> true
  custom:graphics/normal-map-encoding: 01000000000000000000000000000000 -> 02000000000000000000000000000000
========================================================================
Received Import Request.
  Time since last request: 209.420807 seconds.
  path: ProjectSettings/TagManager.asset
  artifactKey: Guid(00000000000000003000000000000000) Importer(815301076,1909f56bfc062723c751e8b465ee728b)
Start importing ProjectSettings/TagManager.asset using Guid(00000000000000003000000000000000) Importer(815301076,1909f56bfc062723c751e8b465ee728b)  -> (artifact id: '0273296fe49ecc0765dc401605035d89') in 0.021800 seconds
  Import took 0.119633 seconds .

========================================================================
Received Prepare
Registering precompiled user dll's ...
Registered in 0.001316 seconds.
Begin MonoManager ReloadAssembly
Native extension for WindowsStandalone target not found
Refreshing native plugins compatible for Editor in 0.52 ms, found 0 plugins.
Preloading 0 native plugins for Editor in 0.00 ms.
Mono: successfully reloaded assembly
- Completed reload, in  1.461 seconds
Platform modules already initialized, skipping
Switching build target platform(5) subTarget(0) extendedPlatform(0) -> platform(13) subTarget(537395200) extendedPlatform(0)
Shader 'Universal Render Pipeline/Particles/Lit': fallback shader 'Universal Render Pipeline/Particles/SimpleLit' not found
Shader 'Universal Render Pipeline/Particles/Lit': fallback shader 'Universal Render Pipeline/Particles/SimpleLit' not found
Refreshing native plugins compatible for Editor in 0.52 ms, found 0 plugins.
Preloading 0 native plugins for Editor in 0.00 ms.
Unloading 2350 Unused Serialized files (Serialized files now loaded: 0)
System memory in use before: 115.0 MB.
System memory in use after: 112.4 MB.

Unloading 39 unused Assets to reduce memory usage. Loaded Objects now: 3077.
Total: 6.081400 ms (FindLiveObjects: 0.400400 ms CreateObjectMapping: 0.100700 ms MarkObjects: 3.390000 ms  DeleteObjects: 2.188000 ms)

AssetImportParameters requested are different than current active one (requested -> active):
  requireTextureImportCompression: false -> true
  custom:graphics/normal-map-encoding: 01000000000000000000000000000000 -> 02000000000000000000000000000000
========================================================================
Received Import Request.
  Time since last request: 488.348639 seconds.
  path: Assets/Prefabs/MeleeEnemy.prefab
  artifactKey: Guid(807ee304c43ae1648833c4fcc733175c) Importer(815301076,1909f56bfc062723c751e8b465ee728b)
Start importing Assets/Prefabs/MeleeEnemy.prefab using Guid(807ee304c43ae1648833c4fcc733175c) Importer(815301076,1909f56bfc062723c751e8b465ee728b)  -> (artifact id: 'b7a91f1efbc1189b05e4bb0bfe6659b7') in 0.273014 seconds
  Import took 0.280744 seconds .

========================================================================
Received Import Request.
  Time since last request: 0.000271 seconds.
  path: Assets/Prefabs/RangeEnemy.prefab
  artifactKey: Guid(b2e94dc0bf132c54c89ee61cf6feef0a) Importer(815301076,1909f56bfc062723c751e8b465ee728b)
Start importing Assets/Prefabs/RangeEnemy.prefab using Guid(b2e94dc0bf132c54c89ee61cf6feef0a) Importer(815301076,1909f56bfc062723c751e8b465ee728b)  -> (artifact id: 'fd8b607fc4bbf318cffdf366225bd113') in 0.010872 seconds
  Import took 0.016699 seconds .

AssetImportWorkerClient::OnTransportError - code=2 error=End of file
