Using pre-set license
Built from '2020.3/staging' branch; Version is '2020.3.8f1 (507919d4fff5) revision 5273881'; Using compiler version '192528614'; Build Type 'Release'
OS: 'Windows 10 Pro; OS build 19041.1052; Version 2004; 64bit' Language: 'en' Physical Memory: 15809 MB
BatchMode: 1, IsHumanControllingUs: 0, StartBugReporterOnCrash: 0, Is64bit: 1, IsPro: 0

 COMMAND LINE ARGUMENTS:
E:\Unity\2019.2.6f1\2020.3.8f1\Editor\Unity.exe
-adb2
-batchMode
-noUpm
-name
AssetImportWorker0
-projectPath
D:/Unity Projects/Dungeons_Prototype
-logFile
Logs/AssetImportWorker0.log
-srvPort
54266
Successfully changed project path to: D:/Unity Projects/Dungeons_Prototype
D:/Unity Projects/Dungeons_Prototype
Using Asset Import Pipeline V2.
Refreshing native plugins compatible for Editor in 118.78 ms, found 0 plugins.
Preloading 0 native plugins for Editor in 0.00 ms.
Initialize engine version: 2020.3.8f1 (507919d4fff5)
[Subsystems] Discovering subsystems at path E:/Unity/2019.2.6f1/2020.3.8f1/Editor/Data/Resources/UnitySubsystems
[Subsystems] Discovering subsystems at path D:/Unity Projects/Dungeons_Prototype/Assets
GfxDevice: creating device client; threaded=0
Direct3D:
    Version:  Direct3D 11.0 [level 11.1]
    Renderer: NVIDIA GeForce GTX 1650 (ID=0x1f91)
    Vendor:   
    VRAM:     3962 MB
    Driver:   30.0.14.7111
Initialize mono
Mono path[0] = 'E:/Unity/2019.2.6f1/2020.3.8f1/Editor/Data/Managed'
Mono path[1] = 'E:/Unity/2019.2.6f1/2020.3.8f1/Editor/Data/MonoBleedingEdge/lib/mono/unityjit'
Mono config path = 'E:/Unity/2019.2.6f1/2020.3.8f1/Editor/Data/MonoBleedingEdge/etc'
Using monoOptions --debugger-agent=transport=dt_socket,embedding=1,server=y,suspend=n,address=127.0.0.1:56856
Begin MonoManager ReloadAssembly
Registering precompiled unity dll's ...
Register platform support module: E:/Unity/2019.2.6f1/2020.3.8f1/Editor/Data/PlaybackEngines/WindowsStandaloneSupport/UnityEditor.WindowsStandalone.Extensions.dll
Registered in 0.180958 seconds.
Native extension for WindowsStandalone target not found
Refreshing native plugins compatible for Editor in 70.77 ms, found 0 plugins.
Preloading 0 native plugins for Editor in 0.00 ms.
Mono: successfully reloaded assembly
- Completed reload, in 10.365 seconds
Platform modules already initialized, skipping
Registering precompiled user dll's ...
Registered in 0.188444 seconds.
